<?xml version="1.0" encoding="UTF-8"?>
<!-- Generated by org.testng.reporters.JUnitReportReporter -->
<testsuite hostname="auriga-Latitude-E7470" failures="0" tests="7" name="com.SfcApp.testcase.RoamingQC" time="144.645" errors="0" timestamp="2023-08-29T13:28:58 IST" skipped="0">
  <testcase classname="com.SfcApp.testcase.RoamingQC" name="LoginSupervisor" time="23.670"/>
  <system-out/>
  <testcase classname="com.SfcApp.testcase.RoamingQC" name="RoamingSetup" time="26.698"/>
  <system-out/>
  <testcase classname="com.SfcApp.testcase.RoamingQC" name="NODefect" time="20.427"/>
  <system-out/>
  <testcase classname="com.SfcApp.testcase.RoamingQC" name="OneDefect" time="19.246"/>
  <system-out/>
  <testcase classname="com.SfcApp.testcase.RoamingQC" name="MultipleDefect" time="26.255"/>
  <system-out/>
  <testcase classname="com.SfcApp.testcase.RoamingQC" name="DynamicDefect" time="23.592"/>
  <system-out/>
  <testcase classname="com.SfcApp.testcase.RoamingQC" name="VerifyTotalDefect" time="4.757"/>
  <system-out/>
</testsuite> <!-- com.SfcApp.testcase.RoamingQC -->
