<?xml version="1.0" encoding="UTF-8"?>
<!-- Generated by org.testng.reporters.JUnitReportReporter -->
<testsuite hostname="auriga-Latitude-E7470" failures="0" tests="1" name="com.SfcApp.testcase.MyLine" time="57.804" errors="0" timestamp="2023-07-16T02:53:16 IST" skipped="0">
  <testcase classname="com.SfcApp.testcase.MyLine" name="login" time="57.804"/>
  <system-out/>
</testsuite> <!-- com.SfcApp.testcase.MyLine -->
