<?xml version="1.0" encoding="UTF-8"?>
<!-- Generated by org.testng.reporters.JUnitReportReporter -->
<testsuite hostname="auriga-Latitude-E7470" failures="0" tests="4" name="com.SfcApp.testcase.ScheduleMaintenance" time="145.990" errors="0" timestamp="2023-08-28T19:40:33 IST" skipped="0">
  <testcase classname="com.SfcApp.testcase.ScheduleMaintenance" name="WebAdminLogin" time="10.500"/>
  <system-out/>
  <testcase classname="com.SfcApp.testcase.ScheduleMaintenance" name="AddScheduledMaintenanceFromWeb" time="37.547"/>
  <system-out/>
  <testcase classname="com.SfcApp.testcase.ScheduleMaintenance" name="LoginMechanic" time="23.683"/>
  <system-out/>
  <testcase classname="com.SfcApp.testcase.ScheduleMaintenance" name="VerifiedMachineRepaired" time="74.260"/>
  <system-out/>
</testsuite> <!-- com.SfcApp.testcase.ScheduleMaintenance -->
