<?xml version="1.0" encoding="UTF-8"?>
<!-- Generated by org.testng.reporters.JUnitReportReporter -->
<testsuite hostname="auriga-Latitude-E7470" failures="0" tests="1" name="com.SfcApp.testcase.AdminLogin" time="4.003" errors="0" timestamp="2023-07-05T12:57:39 IST" skipped="0">
  <testcase classname="com.SfcApp.testcase.AdminLogin" name="f" time="4.003"/>
  <system-out/>
</testsuite> <!-- com.SfcApp.testcase.AdminLogin -->
