<?xml version="1.0" encoding="UTF-8"?>
<!-- Generated by org.testng.reporters.JUnitReportReporter -->
<testsuite hostname="auriga-Latitude-E7470" failures="0" tests="13" name="com.SfcApp.testcase.Maintenance" time="377.594" errors="0" timestamp="2023-08-29T13:42:52 IST" skipped="0">
  <testcase classname="com.SfcApp.testcase.Maintenance" name="login" time="26.635"/>
  <system-out/>
  <testcase classname="com.SfcApp.testcase.Maintenance" name="OnDemandReportError" time="64.084"/>
  <system-out/>
  <testcase classname="com.SfcApp.testcase.Maintenance" name="LogoutSupervisor" time="4.146"/>
  <system-out/>
  <testcase classname="com.SfcApp.testcase.Maintenance" name="LoginMechanic" time="17.644"/>
  <system-out/>
  <testcase classname="com.SfcApp.testcase.Maintenance" name="DisposeMachine" time="60.217"/>
  <system-out/>
  <testcase classname="com.SfcApp.testcase.Maintenance" name="WebVerifiedMachineDispose" time="23.863"/>
  <system-out/>
  <testcase classname="com.SfcApp.testcase.Maintenance" name="LogoutMechanic" time="6.337"/>
  <system-out/>
  <testcase classname="com.SfcApp.testcase.Maintenance" name="LoginAgainSupervisor" time="13.640"/>
  <system-out/>
  <testcase classname="com.SfcApp.testcase.Maintenance" name="ReportError" time="60.397"/>
  <system-out/>
  <testcase classname="com.SfcApp.testcase.Maintenance" name="AgainLogoutSupervisor" time="3.908"/>
  <system-out/>
  <testcase classname="com.SfcApp.testcase.Maintenance" name="AgainLoginMechanic" time="19.484"/>
  <system-out/>
  <testcase classname="com.SfcApp.testcase.Maintenance" name="ReplaceMachine" time="56.661"/>
  <system-out/>
  <testcase classname="com.SfcApp.testcase.Maintenance" name="WebVerifiedMachineReplace" time="20.578"/>
  <system-out/>
</testsuite> <!-- com.SfcApp.testcase.Maintenance -->
