<?xml version="1.0" encoding="UTF-8"?>
<!-- Generated by org.testng.reporters.JUnitReportReporter -->
<testsuite hostname="auriga-Latitude-E7470" failures="0" tests="9" name="com.SfcApp.testcase.AppLogin" time="232.553" errors="0" timestamp="2023-08-28T19:12:22 IST" skipped="0">
  <testcase classname="com.SfcApp.testcase.AppLogin" name="login" time="26.784"/>
  <system-out/>
  <testcase classname="com.SfcApp.testcase.AppLogin" name="OnDemandReportError" time="63.995"/>
  <system-out/>
  <testcase classname="com.SfcApp.testcase.AppLogin" name="LogoutSupervisor" time="2.965"/>
  <system-out/>
  <testcase classname="com.SfcApp.testcase.AppLogin" name="LoginMechanic" time="12.309"/>
  <system-out/>
  <testcase classname="com.SfcApp.testcase.AppLogin" name="OnDemandMaintenanceHold" time="45.949"/>
  <system-out/>
  <testcase classname="com.SfcApp.testcase.AppLogin" name="OnDemandMaintenanceRepaire" time="44.507"/>
  <system-out/>
  <testcase classname="com.SfcApp.testcase.AppLogin" name="LogoutMechanic" time="7.089"/>
  <system-out/>
  <testcase classname="com.SfcApp.testcase.AppLogin" name="LoginAgainSupervisor" time="13.671"/>
  <system-out/>
  <testcase classname="com.SfcApp.testcase.AppLogin" name="VerifiedMachineRepaired" time="15.284"/>
  <system-out/>
</testsuite> <!-- com.SfcApp.testcase.AppLogin -->
